W1) mappings\segments\HL7 Segment - FHIR R4_ AL1[AllergeryIntolerance] - AL1.csv: coding used where Coding is likely meant.
E1) mappings\segments\HL7 Segment - FHIR R4_ AL1[AllergeryIntolerance] - AL1.csv: Link to FHIR WARNING not found.
W2) mappings\segments\HL7 Segment - FHIR R4_ AL1[AllergeryIntolerance] - AL1.csv: coding used where Coding is likely meant.
E2) mappings\segments\HL7 Segment - FHIR R4_ ARV - Sheet1.csv: Link to FHIR meta.security not found.
W3) mappings\segments\HL7 Segment - FHIR R4_ ARV - Sheet1.csv: coding used where Coding is likely meant.
E3) mappings\segments\HL7 Segment - FHIR R4_ ARV - Sheet1.csv: Link to FHIR meta.security not found.
W4) mappings\segments\HL7 Segment - FHIR R4_ ARV - Sheet1.csv: coding used where Coding is likely meant.
E4) mappings\segments\HL7 Segment - FHIR R4_ ARV - Sheet1.csv: Link to FHIR meta.security.display not found.
W5) mappings\segments\HL7 Segment - FHIR R4_ ARV - Sheet1.csv: period used where Period is likely meant.
E5) mappings\segments\HL7 Segment - FHIR R4_ ARV - Sheet1.csv: Link to FHIR meta.security not found.
W6) mappings\segments\HL7 Segment - FHIR R4_ ARV - Sheet1.csv: coding used where Coding is likely meant.
E6) mappings\segments\HL7 Segment - FHIR R4_ ARV - Sheet1.csv: Link to FHIR meta.security not found.
W7) mappings\segments\HL7 Segment - FHIR R4_ ARV - Sheet1.csv: coding used where Coding is likely meant.
E7) mappings\segments\HL7 Segment - FHIR R4_ ARV - Sheet1.csv: Link to FHIR meta.tag not found.
W8) mappings\segments\HL7 Segment - FHIR R4_ ARV - Sheet1.csv: coding used where Coding is likely meant.
E8) mappings\segments\HL7 Segment - FHIR R4_ DG1[Condition] - Sheet1.csv: Link to FHIR DateTime not found.
W9) mappings\segments\HL7 Segment - FHIR R4_ DG1[Condition] - Sheet1.csv: identifier used where Identifier is likely meant.
W10) mappings\segments\HL7 Segment - FHIR R4_ IAM - Sheet1.csv: identifier used where Identifier is likely meant.
W11) mappings\segments\HL7 Segment - FHIR R4_ MSH[Bundle] - Sheet1.csv: identifier used where Identifier is likely meant.
W12) mappings\segments\HL7 Segment - FHIR R4_ MSH[General] - R4.csv: identifier used where Identifier is likely meant.
W13) mappings\segments\HL7 Segment - FHIR R4_ MSH[General] - R4.csv: coding used where Coding is likely meant.
E9) mappings\segments\HL7 Segment - FHIR R4_ MSH[General] - R4.csv: Link to FHIR Messageheader.source not found.
E10) mappings\segments\HL7 Segment - FHIR R4_ MSH[General] - R4.csv: Link to FHIR Backbone Element not found.
E11) mappings\segments\HL7 Segment - FHIR R4_ NK1 [RelatedPerson] - Sheet1.csv: Link to FHIR CodableConcept not found.
E12) mappings\segments\HL7 Segment - FHIR R4_ NTE[Annotation] - NTE.csv: Link to FHIR DateTime not found.
W14) mappings\segments\HL7 Segment - FHIR R4_ OBR[DiagnosticReport] - OBR.csv: simpleQuantity used where SimpleQuantity is likely meant.
W15) mappings\segments\HL7 Segment - FHIR R4_ OBR[ServiceRequest] - OBR.csv: simpleQuantity used where SimpleQuantity is likely meant.
W16) mappings\segments\HL7 Segment - FHIR R4_ OBR[ServiceRequest] - OBR.csv: codeableConcept used where CodeableConcept is likely meant.
W17) mappings\segments\HL7 Segment - FHIR R4_ OBR[ServiceRequest] - OBR.csv: quantity used where Quantity is likely meant.
E13) mappings\segments\HL7 Segment - FHIR R4_ OBR[ServiceRequest] - OBR.csv: Link to FHIR SpecimenRequest.specimen not found.
W18) mappings\segments\HL7 Segment - FHIR R4_ OBX[ObservationComponent] - PV1.csv: quantity used where Quantity is likely meant.
E14) mappings\segments\HL7 Segment - FHIR R4_ OBX[ObservationComponent] - PV1.csv: Link to FHIR complex not found.
E15) mappings\segments\HL7 Segment - FHIR R4_ OBX[ObservationComponent] - PV1.csv: Link to FHIR PracitionerRole not found.
W19) mappings\segments\HL7 Segment - FHIR R4_ OBX[Observation] - PV1.csv: quantity used where Quantity is likely meant.
E16) mappings\segments\HL7 Segment - FHIR R4_ OBX[Observation] - PV1.csv: Link to FHIR complex not found.
E17) mappings\segments\HL7 Segment - FHIR R4_ OBX[Observation] - PV1.csv: Link to FHIR PracitionerRole not found.
E18) mappings\segments\HL7 Segment - FHIR R4_ ORC[DiagnosticReport] - ORC.csv: Link to FHIR DateTime not found.
E19) mappings\segments\HL7 Segment - FHIR R4_ ORC[DiagnosticReport] - ORC.csv: Link to FHIR Codeable Concept not found.
E20) mappings\segments\HL7 Segment - FHIR R4_ ORC[Provenance] - ORC.csv: Link to FHIR Instant not found.
W20) mappings\segments\HL7 Segment - FHIR R4_ PID - PID.csv: identifier used where Identifier is likely meant.
E21) mappings\segments\HL7 Segment - FHIR R4_ PRT[OBX-Location] - Sheet1.csv: Link to FHIR Operation not found.
E22) mappings\segments\HL7 Segment - FHIR R4_ PRT[PIDPD1 - RelatedPerson] - Sheet1.csv: Link to FHIR Operation not found.
E23) mappings\segments\HL7 Segment - FHIR R4_ PRT[PractitionerRole] - Sheet1.csv: Link to FHIR Operation not found.
E24) mappings\segments\HL7 Segment - FHIR R4_ PRT[PractitionerRole] - Sheet1.csv: Link to FHIR PractionerRole.location not found.
W21) mappings\segments\HL7 Segment - FHIR R4_ PRT[PractitionerRole] - Sheet1.csv: identifier used where Identifier is likely meant.
E25) mappings\segments\HL7 Segment - FHIR R4_ PV1 - PV1.csv: Link to FHIR Boolean not found.
E26) mappings\segments\HL7 Segment - FHIR R4_ PV1 - PV1.csv: Link to FHIR Boolean not found.
E27) mappings\segments\HL7 Segment - FHIR R4_ PV1 - PV1.csv: Link to FHIR Boolean not found.
W22) mappings\segments\HL7 Segment - FHIR R4_ PV1 - PV1.csv: money used where Money is likely meant.
W23) mappings\segments\HL7 Segment - FHIR R4_ PV1 - PV1.csv: money used where Money is likely meant.
W24) mappings\segments\HL7 Segment - FHIR R4_ PV1 - PV1.csv: money used where Money is likely meant.
E28) mappings\segments\HL7 Segment - FHIR R4_ PV2 - PV2.csv: Link to FHIR Boolean not found.
E29) mappings\segments\HL7 Segment - FHIR R4_ PV2 - PV2.csv: Link to FHIR quanitity not found.
E30) mappings\segments\HL7 Segment - FHIR R4_ PV2 - PV2.csv: Link to FHIR Practitioner|PractitionerRole not found.
W25) mappings\segments\HL7 Segment - FHIR R4_ PV2 - PV2.csv: coding used where Coding is likely meant.
E31) mappings\segments\HL7 Segment - FHIR R4_ ROL[PID-PD1-PractitionerRole] - Sheet1.csv: Link to FHIR Operation not found.
W26) mappings\segments\HL7 Segment - FHIR R4_ ROL[PID-PD1-RelatedPerson] - Sheet1.csv: identifier used where Identifier is likely meant.
E32) mappings\segments\HL7 Segment - FHIR R4_ ROL[PID-PD1-RelatedPerson] - Sheet1.csv: Link to FHIR Operation not found.
W27) mappings\segments\HL7 Segment - FHIR R4_ ROL[PV1-PV2-PractitionerRole] - Sheet1.csv: identifier used where Identifier is likely meant.
E33) mappings\segments\HL7 Segment - FHIR R4_ ROL[PV1-PV2-PractitionerRole] - Sheet1.csv: Link to FHIR Operation not found.
E34) mappings\segments\HL7 Segment - FHIR R4_ ROL[PV1-PV2-PractitionerRole] - Sheet1.csv: Link to FHIR Practioner not found.
E35) mappings\segments\HL7 Segment - FHIR R4_ RXA[Immunization] - RXA.csv: Link to FHIR Immunzation.doseQuantity.value not found.
E36) mappings\segments\HL7 Segment - FHIR R4_ RXA[Immunization] - RXA.csv: Link to FHIR Immunzation.doseQuantity not found.
E37) mappings\segments\HL7 Segment - FHIR R4_ RXA[Immunization] - RXA.csv: Link to FHIR system not found.
W28) mappings\segments\HL7 Segment - FHIR R4_ SPM - SPM.csv: codeableConcept used where CodeableConcept is likely meant.
W29) mappings\segments\HL7 Segment_ ORC[ServiceRequest] - ORC.csv: quantity used where Quantity is likely meant.
E38) mappings\segments\HL7 Segment_ ORC[ServiceRequest] - ORC.csv: Link to FHIR Practititoner.address not found.
E39) mappings\segments\HL7 Segment_ PRT[OBX-Device] - Sheet1.csv: Link to FHIR Operation not found.
E40) mappings\datatypes\Data Type_ CM[Specimen Source] - Sheet1.csv: Link to FHIR CWE not found.
E41) mappings\datatypes\Data Type_ CM[Specimen Source] - Sheet1.csv: Link to FHIR CWE not found.
E42) mappings\datatypes\Data Type_ CM[Specimen Source] - Sheet1.csv: Link to FHIR CWE not found.
E43) mappings\datatypes\HL7 Data Type - FHIR R4_ HD[MessageHeader] - Sheet1.csv: Link to FHIR name not found.
E44) mappings\datatypes\HL7 Data Type - FHIR R4_ HD[MessageHeader] - Sheet1.csv: Link to FHIR endpoint not found.
E45) mappings\datatypes\HL7 Data Type - FHIR R4_ HD[MessageHeader] - Sheet1.csv: Link to FHIR endpoint not found.
E46) mappings\datatypes\HL7 Data Type - FHIR R4_ HD[MessageHeader] - Sheet1.csv: Link to FHIR endpoint not found.
E47) mappings\datatypes\HL7 Data Type - FHIR R4_ HD[MessageHeader] - Sheet1.csv: Link to FHIR endpoint.extension-dataAbsentReason not found.
E48) mappings\datatypes\HL7 Data Type - FHIR R4_ MSG - Sheet1.csv: Link to FHIR coding.code not found.
E49) mappings\datatypes\HL7 Data Type - FHIR R4_ MSG - Sheet1.csv: Link to FHIR coding.system not found.
E50) mappings\datatypes\HL7 Data Type - FHIR R4_ MSG[string] - Sheet1.csv: Link to FHIR coding.display not found.
E51) mappings\datatypes\HL7 Data Type - FHIR R4_ PL - Sheet1.csv: Link to FHIR Reference{Location not found.
E52) mappings\datatypes\HL7 Data Type - FHIR R4_ PL - Sheet1.csv: Link to FHIR Reference{Location not found.
E53) mappings\datatypes\HL7 Data Type - FHIR R4_ PL - Sheet1.csv: Link to FHIR Reference{Location not found.
E54) mappings\datatypes\HL7 Data Type - FHIR R4_ PL - Sheet1.csv: Link to FHIR Reference{Location not found.
E55) mappings\datatypes\HL7 Data Type - FHIR R4_ PL - Sheet1.csv: Link to FHIR Reference{Location not found.
E56) mappings\datatypes\HL7 Data Type - FHIR R4_ SN[Quantity] - Sheet1.csv: Link to FHIR Quanitty.value not found.
W30) mappings\datatypes\HL7 Data Type - FHIR R4_ XON[Organization] - Sheet1.csv: coding used where Coding is likely meant.
W31) mappings\datatypes\HL7 Data Type - FHIR R4_ XON[Organization] - Sheet1.csv: identifier used where Identifier is likely meant.
E57) N/A: Unexpected error generating map tables.java.lang.NullPointerException
	at org.hl7.v2tofhir.Convert.createMessageIndex(Convert.java:307)
	at org.hl7.v2tofhir.Convert.lambda$0(Convert.java:147)
	at java.base/java.lang.Iterable.forEach(Iterable.java:75)
	at org.hl7.v2tofhir.Convert.generateMapTables(Convert.java:140)
	at org.hl7.v2tofhir.Convert.generateMapOutputs(Convert.java:100)
	at org.hl7.v2tofhir.Convert.main(Convert.java:78)
87 files processed, 57 errors, 31 warnings
