#
# A fatal error has been detected by the Java Runtime Environment:
#
#  EXCEPTION_ACCESS_VIOLATION (0xc0000005) at pc=0x79076b65, pid=31276, tid=0x000015b4
#
# JRE version: Java(TM) SE Runtime Environment (8.0_211-b12) (build 1.8.0_211-b12)
# Java VM: Java HotSpot(TM) Client VM (25.211-b12 mixed mode windows-x86 )
# Problematic frame:
# V  [jvm.dll+0xa6b65]
#
# Failed to write core dump. Minidumps are not enabled by default on client versions of Windows
#
# If you would like to submit a bug report, please visit:
#   http://bugreport.java.com/bugreport/crash.jsp
#

---------------  T H R E A D  ---------------

Current thread (0x02c3ec00):  VMThread [stack: 0x154a0000,0x154f0000] [id=5556]

siginfo: ExceptionCode=0xc0000005, reading address 0xe7000120

Registers:
EAX=0xe7000000, EBX=0x154ef140, ECX=0x18d0f678, EDX=0x09933eec
ESP=0x154eefc4, EBP=0x154eefd4, ESI=0x09933ef0, EDI=0x09964438
EIP=0x79076b65, EFLAGS=0x00010297

Top of Stack: (sp=0x154eefc4)
0x154eefc4:   02b46630 154ef140 02b438f8 02b47060
0x154eefd4:   154eefe8 7906560d 154ef140 02b438f8
0x154eefe4:   00000000 154eeffc 79069a7c 154ef140
0x154eeff4:   154ef0f4 00000000 154ef218 79065a27
0x154ef004:   00000000 154ef140 154ef0b4 02b46630
0x154ef014:   79066a04 02c20b18 02b438f8 02b43948
0x154ef024:   792b0434 00000002 00000093 00000004
0x154ef034:   0000000e 02ca0000 0b3d14ab 00000000 

Instructions: (pc=0x79076b65)
0x79076b45:   08 8b f0 eb 08 8d 9b 00 00 00 00 8b f8 8b 7f 34
0x79076b55:   3b f7 73 1d 8d a4 24 00 00 00 00 8b 4e 04 8b 01
0x79076b65:   8b 90 20 01 00 00 53 56 ff d2 8d 34 86 3b f7 72
0x79076b75:   ea 8b 45 fc 3b 78 34 72 d2 8b c8 5f 89 71 0c 5e 


Register to memory mapping:

EAX=0xe7000000 is an unknown value
EBX=0x154ef140 is an unknown value
ECX=0x18d0f678 is pointing into metadata
EDX=0x09933eec is pointing into object: 0x09933eb0
org.hl7.fhir.r5.model.IdType 
 - klass: 'org/hl7/fhir/r5/model/IdType'
ESP=0x154eefc4 is an unknown value
EBP=0x154eefd4 is an unknown value
ESI=0x09933ef0 is an oop

[error occurred during error reporting (printing register info), id 0xc0000005]

Stack: [0x154a0000,0x154f0000],  sp=0x154eefc4,  free space=315k
Native frames: (J=compiled Java code, j=interpreted, Vv=VM code, C=native code)
V  [jvm.dll+0xa6b65]
V  [jvm.dll+0x9560d]
V  [jvm.dll+0x99a7c]
V  [jvm.dll+0x95a27]
V  [jvm.dll+0x9a703]
V  [jvm.dll+0x94675]
V  [jvm.dll+0x1bcca6]
V  [jvm.dll+0x184ecb]
V  [jvm.dll+0x1842d1]
V  [jvm.dll+0x1846e7]
V  [jvm.dll+0x1848e2]
V  [jvm.dll+0x1c6a96]
C  [msvcr100.dll+0x5c556]
C  [msvcr100.dll+0x5c600]
C  [KERNEL32.DLL+0x16359]
C  [ntdll.dll+0x67b74]
C  [ntdll.dll+0x67b44]

VM_Operation (0x012fe5b0): GenCollectForAllocation, mode: safepoint, requested by thread 0x012ad800


---------------  P R O C E S S  ---------------

Java Threads: ( => current thread )
  0x15acfc00 JavaThread "logback-1" daemon [_thread_blocked, id=3360, stack(0x16140000,0x16190000)]
  0x152a7800 JavaThread "Service Thread" daemon [_thread_blocked, id=26608, stack(0x15900000,0x15950000)]
  0x15283c00 JavaThread "C1 CompilerThread0" daemon [_thread_blocked, id=32488, stack(0x15870000,0x158c0000)]
  0x15290000 JavaThread "Attach Listener" daemon [_thread_blocked, id=30672, stack(0x157e0000,0x15830000)]
  0x1528e000 JavaThread "Signal Dispatcher" daemon [_thread_blocked, id=29800, stack(0x15750000,0x157a0000)]
  0x1527ac00 JavaThread "Finalizer" daemon [_thread_blocked, id=32636, stack(0x155c0000,0x15610000)]
  0x15274c00 JavaThread "Reference Handler" daemon [_thread_blocked, id=28956, stack(0x15530000,0x15580000)]
  0x012ad800 JavaThread "main" [_thread_blocked, id=5416, stack(0x012b0000,0x01300000)]

Other Threads:
=>0x02c3ec00 VMThread [stack: 0x154a0000,0x154f0000] [id=5556]
  0x152b3800 WatcherThread [stack: 0x15990000,0x159e0000] [id=16348]

VM state:at safepoint (normal execution)

VM Mutex/Monitor currently owned by a thread:  ([mutex/lock_event])
[0x012ac590] Threads_lock - owner thread: 0x02c3ec00
[0x012ac7f0] Heap_lock - owner thread: 0x012ad800

Heap:
 def new generation   total 74496K, used 68139K [0x04e00000, 0x09ed0000, 0x0a350000)
  eden space 66240K, 100% used [0x04e00000, 0x08eb0000, 0x08eb0000)
  from space 8256K,  23% used [0x08eb0000, 0x0908af00, 0x096c0000)
  to   space 8256K,  33% used [0x096c0000, 0x0997bf20, 0x09ed0000)
 tenured generation   total 165376K, used 103542K [0x0a350000, 0x144d0000, 0x14e00000)
   the space 165376K,  62% used [0x0a350000, 0x1086d970, 0x1086da00, 0x144d0000)
 Metaspace       used 45306K, capacity 45608K, committed 45696K, reserved 46464K

Card table byte_map: [0x04d00000,0x04d90000] byte_map_base: 0x04cd9000

Polling page: 0x00ba0000

CodeCache: size=32768Kb used=4526Kb max_used=4526Kb free=28241Kb
 bounds [0x02d00000, 0x03170000, 0x04d00000]
 total_blobs=2210 nmethods=2007 adapters=133
 compilation: enabled

Compilation events (10 events):
Event: 18.289 Thread 0x15283c00 2018             org.hl7.fhir.r4.model.IntegerType::encode (9 bytes)
Event: 18.290 Thread 0x15283c00 nmethod 2018 0x031547c8 code [0x031548d0, 0x0315498c]
Event: 18.290 Thread 0x15283c00 2019             org.hl7.fhir.r4.model.IntegerType::encode (8 bytes)
Event: 18.290 Thread 0x15283c00 nmethod 2019 0x03154a48 code [0x03154b50, 0x03154bec]
Event: 18.296 Thread 0x15283c00 2020             org.hl7.fhir.r4.formats.JsonParser::parseStructureDefinitionProperties (1581 bytes)
Event: 18.327 Thread 0x15283c00 nmethod 2020 0x03154c88 code [0x03155db0, 0x0315ba38]
Event: 18.327 Thread 0x15283c00 2021             org.hl7.fhir.convertors.conv40_50.StructureDefinition40_50::convertStructureDefinition (715 bytes)
Event: 18.337 Thread 0x15283c00 nmethod 2021 0x03165308 code [0x03165c00, 0x03168ac0]
Event: 18.707 Thread 0x15283c00 2022             org.hl7.fhir.r5.model.StructureDefinition::getVersion (22 bytes)
Event: 18.708 Thread 0x15283c00 nmethod 2022 0x0316bbc8 code [0x0316bcc0, 0x0316bd80]

GC Heap History (10 events):
Event: 18.384 GC heap after
Heap after GC invocations=135 (full 9):
 def new generation   total 44288K, used 3045K [0x04e00000, 0x07e00000, 0x0a350000)
  eden space 39424K,   0% used [0x04e00000, 0x04e00000, 0x07480000)
  from space 4864K,  62% used [0x07940000, 0x07c39720, 0x07e00000)
  to   space 4864K,   0% used [0x07480000, 0x07480000, 0x07940000)
 tenured generation   total 98200K, used 96113K [0x0a350000, 0x10336000, 0x14e00000)
   the space 98200K,  97% used [0x0a350000, 0x1012c750, 0x1012c800, 0x10336000)
 Metaspace       used 45306K, capacity 45608K, committed 45696K, reserved 46464K
}
Event: 18.428 GC heap before
{Heap before GC invocations=135 (full 9):
 def new generation   total 44288K, used 42469K [0x04e00000, 0x07e00000, 0x0a350000)
  eden space 39424K, 100% used [0x04e00000, 0x07480000, 0x07480000)
  from space 4864K,  62% used [0x07940000, 0x07c39720, 0x07e00000)
  to   space 4864K,   0% used [0x07480000, 0x07480000, 0x07940000)
 tenured generation   total 98200K, used 96113K [0x0a350000, 0x10336000, 0x14e00000)
   the space 98200K,  97% used [0x0a350000, 0x1012c750, 0x1012c800, 0x10336000)
 Metaspace       used 45306K, capacity 45608K, committed 45696K, reserved 46464K
Event: 18.434 GC heap after
Heap after GC invocations=136 (full 9):
 def new generation   total 44288K, used 3832K [0x04e00000, 0x07e00000, 0x0a350000)
  eden space 39424K,   0% used [0x04e00000, 0x04e00000, 0x07480000)
  from space 4864K,  78% used [0x07480000, 0x0783e1d8, 0x07940000)
  to   space 4864K,   0% used [0x07940000, 0x07940000, 0x07e00000)
 tenured generation   total 98200K, used 97098K [0x0a350000, 0x10336000, 0x14e00000)
   the space 98200K,  98% used [0x0a350000, 0x102228d8, 0x10222a00, 0x10336000)
 Metaspace       used 45306K, capacity 45608K, committed 45696K, reserved 46464K
}
Event: 18.480 GC heap before
{Heap before GC invocations=136 (full 9):
 def new generation   total 44288K, used 43256K [0x04e00000, 0x07e00000, 0x0a350000)
  eden space 39424K, 100% used [0x04e00000, 0x07480000, 0x07480000)
  from space 4864K,  78% used [0x07480000, 0x0783e1d8, 0x07940000)
  to   space 4864K,   0% used [0x07940000, 0x07940000, 0x07e00000)
 tenured generation   total 98200K, used 97098K [0x0a350000, 0x10336000, 0x14e00000)
   the space 98200K,  98% used [0x0a350000, 0x102228d8, 0x10222a00, 0x10336000)
 Metaspace       used 45306K, capacity 45608K, committed 45696K, reserved 46464K
Event: 18.585 GC heap after
Heap after GC invocations=137 (full 10):
 def new generation   total 74496K, used 2076K [0x04e00000, 0x09ed0000, 0x0a350000)
  eden space 66240K,   3% used [0x04e00000, 0x05007108, 0x08eb0000)
  from space 8256K,   0% used [0x08eb0000, 0x08eb0000, 0x096c0000)
  to   space 8256K,   0% used [0x096c0000, 0x096c0000, 0x09ed0000)
 tenured generation   total 165376K, used 99223K [0x0a350000, 0x144d0000, 0x14e00000)
   the space 165376K,  59% used [0x0a350000, 0x10435fe8, 0x10436000, 0x144d0000)
 Metaspace       used 45306K, capacity 45608K, committed 45696K, reserved 46464K
}
Event: 18.662 GC heap before
{Heap before GC invocations=137 (full 10):
 def new generation   total 74496K, used 66240K [0x04e00000, 0x09ed0000, 0x0a350000)
  eden space 66240K, 100% used [0x04e00000, 0x08eb0000, 0x08eb0000)
  from space 8256K,   0% used [0x08eb0000, 0x08eb0000, 0x096c0000)
  to   space 8256K,   0% used [0x096c0000, 0x096c0000, 0x09ed0000)
 tenured generation   total 165376K, used 99223K [0x0a350000, 0x144d0000, 0x14e00000)
   the space 165376K,  59% used [0x0a350000, 0x10435fe8, 0x10436000, 0x144d0000)
 Metaspace       used 45306K, capacity 45608K, committed 45696K, reserved 46464K
Event: 18.692 GC heap after
Heap after GC invocations=138 (full 10):
 def new generation   total 74496K, used 4450K [0x04e00000, 0x09ed0000, 0x0a350000)
  eden space 66240K,   0% used [0x04e00000, 0x04e00000, 0x08eb0000)
  from space 8256K,  53% used [0x096c0000, 0x09b189b8, 0x09ed0000)
  to   space 8256K,   0% used [0x08eb0000, 0x08eb0000, 0x096c0000)
 tenured generation   total 165376K, used 99223K [0x0a350000, 0x144d0000, 0x14e00000)
   the space 165376K,  59% used [0x0a350000, 0x10435fe8, 0x10436000, 0x144d0000)
 Metaspace       used 45306K, capacity 45608K, committed 45696K, reserved 46464K
}
Event: 18.772 GC heap before
{Heap before GC invocations=138 (full 10):
 def new generation   total 74496K, used 70690K [0x04e00000, 0x09ed0000, 0x0a350000)
  eden space 66240K, 100% used [0x04e00000, 0x08eb0000, 0x08eb0000)
  from space 8256K,  53% used [0x096c0000, 0x09b189b8, 0x09ed0000)
  to   space 8256K,   0% used [0x08eb0000, 0x08eb0000, 0x096c0000)
 tenured generation   total 165376K, used 99223K [0x0a350000, 0x144d0000, 0x14e00000)
   the space 165376K,  59% used [0x0a350000, 0x10435fe8, 0x10436000, 0x144d0000)
 Metaspace       used 45306K, capacity 45608K, committed 45696K, reserved 46464K
Event: 18.781 GC heap after
Heap after GC invocations=139 (full 10):
 def new generation   total 74496K, used 1899K [0x04e00000, 0x09ed0000, 0x0a350000)
  eden space 66240K,   0% used [0x04e00000, 0x04e00000, 0x08eb0000)
  from space 8256K,  23% used [0x08eb0000, 0x0908af00, 0x096c0000)
  to   space 8256K,   0% used [0x096c0000, 0x096c0000, 0x09ed0000)
 tenured generation   total 165376K, used 103542K [0x0a350000, 0x144d0000, 0x14e00000)
   the space 165376K,  62% used [0x0a350000, 0x1086d970, 0x1086da00, 0x144d0000)
 Metaspace       used 45306K, capacity 45608K, committed 45696K, reserved 46464K
}
Event: 18.855 GC heap before
{Heap before GC invocations=139 (full 10):
 def new generation   total 74496K, used 68139K [0x04e00000, 0x09ed0000, 0x0a350000)
  eden space 66240K, 100% used [0x04e00000, 0x08eb0000, 0x08eb0000)
  from space 8256K,  23% used [0x08eb0000, 0x0908af00, 0x096c0000)
  to   space 8256K,   0% used [0x096c0000, 0x096c0000, 0x09ed0000)
 tenured generation   total 165376K, used 103542K [0x0a350000, 0x144d0000, 0x14e00000)
   the space 165376K,  62% used [0x0a350000, 0x1086d970, 0x1086da00, 0x144d0000)
 Metaspace       used 45306K, capacity 45608K, committed 45696K, reserved 46464K

Deoptimization events (0 events):
No events

Classes redefined (0 events):
No events

Internal exceptions (10 events):
Event: 0.029 Thread 0x012ad800 Exception <a 'java/lang/NoSuchMethodError': Method sun.misc.Unsafe.prefetchRead(Ljava/lang/Object;J)V name or signature does not match> (0x04e07178) thrown at [C:\re\workspace\8-2-build-windows-i586-cygwin\jdk8u211\12973\hotspot\src\share\vm\prims\jni.cpp
Event: 0.150 Thread 0x012ad800 Exception <a 'java/security/PrivilegedActionException'> (0x04ec30c0) thrown at [C:\re\workspace\8-2-build-windows-i586-cygwin\jdk8u211\12973\hotspot\src\share\vm\prims\jvm.cpp, line 1502]
Event: 0.150 Thread 0x012ad800 Exception <a 'java/security/PrivilegedActionException'> (0x04ec34a0) thrown at [C:\re\workspace\8-2-build-windows-i586-cygwin\jdk8u211\12973\hotspot\src\share\vm\prims\jvm.cpp, line 1502]
Event: 0.151 Thread 0x012ad800 Exception <a 'java/security/PrivilegedActionException'> (0x04ec74b8) thrown at [C:\re\workspace\8-2-build-windows-i586-cygwin\jdk8u211\12973\hotspot\src\share\vm\prims\jvm.cpp, line 1502]
Event: 0.151 Thread 0x012ad800 Exception <a 'java/security/PrivilegedActionException'> (0x04ec7898) thrown at [C:\re\workspace\8-2-build-windows-i586-cygwin\jdk8u211\12973\hotspot\src\share\vm\prims\jvm.cpp, line 1502]
Event: 0.175 Thread 0x012ad800 Exception <a 'java/io/FileNotFoundException'> (0x04f8d298) thrown at [C:\re\workspace\8-2-build-windows-i586-cygwin\jdk8u211\12973\hotspot\src\share\vm\prims\jni.cpp, line 710]
Event: 1.401 Thread 0x012ad800 Exception <a 'java/lang/NoSuchFieldError': method resolution failed> (0x04e3f470) thrown at [C:\re\workspace\8-2-build-windows-i586-cygwin\jdk8u211\12973\hotspot\src\share\vm\prims\methodHandles.cpp, line 1167]
Event: 1.401 Thread 0x012ad800 Exception <a 'java/lang/NoSuchFieldError': method resolution failed> (0x04e4bb88) thrown at [C:\re\workspace\8-2-build-windows-i586-cygwin\jdk8u211\12973\hotspot\src\share\vm\prims\methodHandles.cpp, line 1167]
Event: 4.031 Thread 0x012ad800 Exception <a 'java/lang/IncompatibleClassChangeError': Found class java.lang.Object, but interface was expected> (0x05067558) thrown at [C:\re\workspace\8-2-build-windows-i586-cygwin\jdk8u211\12973\hotspot\src\share\vm\interpreter\linkResolver.cpp, line 6
Event: 4.068 Thread 0x012ad800 Exception <a 'java/lang/NoSuchMethodError': java.lang.Object.lambda$andThen$1(Ljava/util/function/Function;Ljava/lang/Object;)Ljava/lang/Object;> (0x05237bf0) thrown at [C:\re\workspace\8-2-build-windows-i586-cygwin\jdk8u211\12973\hotspot\src\share\vm\int

Events (10 events):
Event: 18.384 Executing VM operation: GenCollectForAllocation done
Event: 18.428 Executing VM operation: GenCollectForAllocation
Event: 18.434 Executing VM operation: GenCollectForAllocation done
Event: 18.480 Executing VM operation: GenCollectForAllocation
Event: 18.585 Executing VM operation: GenCollectForAllocation done
Event: 18.662 Executing VM operation: GenCollectForAllocation
Event: 18.692 Executing VM operation: GenCollectForAllocation done
Event: 18.772 Executing VM operation: GenCollectForAllocation
Event: 18.781 Executing VM operation: GenCollectForAllocation done
Event: 18.855 Executing VM operation: GenCollectForAllocation


Dynamic libraries:
0x00bd0000 - 0x00c03000 	C:\Program Files (x86)\Common Files\Oracle\Java\javapath\java.exe
0x77570000 - 0x7770a000 	C:\WINDOWS\SYSTEM32\ntdll.dll
0x76030000 - 0x76110000 	C:\WINDOWS\System32\KERNEL32.DLL
0x76aa0000 - 0x76c9c000 	C:\WINDOWS\System32\KERNELBASE.dll
0x73660000 - 0x736ff000 	C:\WINDOWS\SYSTEM32\apphelp.dll
0x76970000 - 0x769e9000 	C:\WINDOWS\System32\ADVAPI32.dll
0x74e50000 - 0x74f0f000 	C:\WINDOWS\System32\msvcrt.dll
0x774b0000 - 0x77526000 	C:\WINDOWS\System32\sechost.dll
0x76e00000 - 0x76ebb000 	C:\WINDOWS\System32\RPCRT4.dll
0x74d40000 - 0x74d60000 	C:\WINDOWS\System32\SspiCli.dll
0x74d30000 - 0x74d3a000 	C:\WINDOWS\System32\CRYPTBASE.dll
0x76da0000 - 0x76dff000 	C:\WINDOWS\System32\bcryptPrimitives.dll
0x75430000 - 0x755c7000 	C:\WINDOWS\System32\USER32.dll
0x772a0000 - 0x772b7000 	C:\WINDOWS\System32\win32u.dll
0x77530000 - 0x77551000 	C:\WINDOWS\System32\GDI32.dll
0x767b0000 - 0x7690a000 	C:\WINDOWS\System32\gdi32full.dll
0x74d60000 - 0x74ddc000 	C:\WINDOWS\System32\msvcp_win.dll
0x74f10000 - 0x7502f000 	C:\WINDOWS\System32\ucrtbase.dll
0x69460000 - 0x6966f000 	C:\WINDOWS\WinSxS\x86_microsoft.windows.common-controls_6595b64144ccf1df_6.0.18362.418_none_2e73e95e27897f63\COMCTL32.dll
0x77020000 - 0x77296000 	C:\WINDOWS\System32\combase.dll
0x76a10000 - 0x76a35000 	C:\WINDOWS\System32\IMM32.DLL
0x78f10000 - 0x78fcf000 	C:\Program Files (x86)\Java\jre1.8.0_211\bin\msvcr100.dll
0x78fd0000 - 0x793a5000 	C:\Program Files (x86)\Java\jre1.8.0_211\bin\client\jvm.dll
0x74e40000 - 0x74e46000 	C:\WINDOWS\System32\PSAPI.DLL
0x72e30000 - 0x72e54000 	C:\WINDOWS\SYSTEM32\WINMM.dll
0x72eb0000 - 0x72eb8000 	C:\WINDOWS\SYSTEM32\WSOCK32.dll
0x74cf0000 - 0x74cf8000 	C:\WINDOWS\SYSTEM32\VERSION.dll
0x772c0000 - 0x7731e000 	C:\WINDOWS\System32\WS2_32.dll
0x724d0000 - 0x724f3000 	C:\WINDOWS\SYSTEM32\winmmbase.dll
0x75290000 - 0x752cb000 	C:\WINDOWS\System32\cfgmgr32.dll
0x59fe0000 - 0x59fec000 	C:\Program Files (x86)\Java\jre1.8.0_211\bin\verify.dll
0x59fb0000 - 0x59fd1000 	C:\Program Files (x86)\Java\jre1.8.0_211\bin\java.dll
0x59090000 - 0x590a4000 	C:\Program Files (x86)\Java\jre1.8.0_211\bin\zip.dll
0x76230000 - 0x767aa000 	C:\WINDOWS\System32\SHELL32.dll
0x752d0000 - 0x75354000 	C:\WINDOWS\System32\shcore.dll
0x755d0000 - 0x75b95000 	C:\WINDOWS\System32\windows.storage.dll
0x769f0000 - 0x76a07000 	C:\WINDOWS\System32\profapi.dll
0x76fb0000 - 0x76ff3000 	C:\WINDOWS\System32\powrprof.dll
0x75410000 - 0x7541d000 	C:\WINDOWS\System32\UMPDC.dll
0x76f60000 - 0x76fa4000 	C:\WINDOWS\System32\shlwapi.dll
0x75420000 - 0x7542f000 	C:\WINDOWS\System32\kernel.appcore.dll
0x77000000 - 0x77013000 	C:\WINDOWS\System32\cryptsp.dll
0x57b70000 - 0x57b85000 	C:\Program Files (x86)\Java\jre1.8.0_211\bin\net.dll
0x72a30000 - 0x72bdb000 	C:\WINDOWS\SYSTEM32\urlmon.dll
0x71670000 - 0x71899000 	C:\WINDOWS\SYSTEM32\iertutil.dll
0x730b0000 - 0x73102000 	C:\WINDOWS\system32\mswsock.dll
0x59fa0000 - 0x59faf000 	C:\Program Files (x86)\Java\jre1.8.0_211\bin\nio.dll
0x793b0000 - 0x793d0000 	C:\Program Files (x86)\Java\jre1.8.0_211\bin\sunec.dll
0x73d90000 - 0x73dc2000 	C:\WINDOWS\SYSTEM32\IPHLPAPI.DLL
0x76110000 - 0x76117000 	C:\WINDOWS\System32\NSI.dll
0x72e70000 - 0x72e83000 	C:\WINDOWS\SYSTEM32\dhcpcsvc6.DLL
0x718a0000 - 0x718b5000 	C:\WINDOWS\SYSTEM32\dhcpcsvc.DLL
0x72f30000 - 0x72fc1000 	C:\WINDOWS\SYSTEM32\DNSAPI.dll
0x74c20000 - 0x74c4f000 	C:\WINDOWS\system32\rsaenh.dll
0x75ba0000 - 0x75bb9000 	C:\WINDOWS\System32\bcrypt.dll
0x74d00000 - 0x74d1e000 	C:\WINDOWS\SYSTEM32\USERENV.dll
0x57b60000 - 0x57b69000 	C:\Program Files (x86)\Java\jre1.8.0_211\bin\sunmscapi.dll
0x773b0000 - 0x774ab000 	C:\WINDOWS\System32\CRYPT32.dll
0x75030000 - 0x7503e000 	C:\WINDOWS\System32\MSASN1.dll
0x718f0000 - 0x718f8000 	C:\Windows\System32\rasadhlp.dll
0x72590000 - 0x725e1000 	C:\WINDOWS\System32\fwpuclnt.dll
0x71430000 - 0x715bf000 	C:\WINDOWS\SYSTEM32\dbghelp.dll

VM Arguments:
jvm_args: -Dfile.encoding=UTF-8 
java_command: input-cache/org.hl7.fhir.publisher.jar -ig ig.ini
java_class_path (initial): input-cache/org.hl7.fhir.publisher.jar
Launcher Type: SUN_STANDARD

Environment Variables:
JAVA_HOME=C:\Program Files\Java\jdk-11.0.3
JAVA_TOOL_OPTIONS=-Dfile.encoding=UTF-8
PATH=C:\Program Files\Python37\Scripts\;C:\Program Files\Python37\;C:\Program Files (x86)\Common Files\Oracle\Java\javapath;C:\Program Files\Java\jdk-11.0.3\bin;C:\WINDOWS\system32;C:\WINDOWS;C:\WINDOWS\System32\Wbem;C:\WINDOWS\System32\WindowsPowerShell\v1.0\;C:\WINDOWS\System32\OpenSSH\;C:\Program Files\Git\cmd;C:\Program Files\Git\mingw64\bin;C:\Program Files\Git\usr\bin;C:\Program Files\Calibre2\;C:\Program Files\nodejs\;C:\Program Files\Amazon\AWSCLI\bin\;C:\Program Files\Docker\Docker\resources\bin;C:\ProgramData\DockerDesktop\version-bin;C:\Program Files\Pandoc\;C:\Ruby27-x64\bin;C:\Users\kboone\AppData\Local\Microsoft\WindowsApps;C:\Users\kboone\AppData\Roaming\npm;c:\Program Files\Saxonica\SaxonHE9.9N\bin;C:\Users\kboone\AppData\Local\Box\Box Edit\
USERNAME=kboone
OS=Windows_NT
PROCESSOR_IDENTIFIER=Intel64 Family 6 Model 158 Stepping 10, GenuineIntel



---------------  S Y S T E M  ---------------

OS: Windows 10.0 , 64 bit Build 18362 (10.0.18362.329)

CPU:total 12 (initial active 12) (6 cores per cpu, 2 threads per core) family 6 model 158 stepping 10, cmov, cx8, fxsr, mmx, sse, sse2, sse3, ssse3, sse4.1, sse4.2, popcnt, avx, avx2, aes, clmul, erms, 3dnowpref, lzcnt, ht, tsc, tscinvbit, bmi1, bmi2, adx

Memory: 4k page, physical 33342124k(18675552k free), swap 38322860k(16341008k free)

vm_info: Java HotSpot(TM) Client VM (25.211-b12) for windows-x86 JRE (1.8.0_211-b12), built on Apr  1 2019 20:53:53 by "java_re" with MS VC++ 10.0 (VS2010)

time: Sat Mar 07 16:43:44 2020
timezone: Eastern Standard Time
elapsed time: 18 seconds (0d 0h 0m 18s)

